2018-07-13 22:50:00 [main] INFO  edu.epam.order.runner.Main - ************************************************
Заказ: 10000
Продюсер: Spielberg
Название: Pulp Fiction
Дата создания: 22:50:00.660
------------------------------------------------
Lease & tax                   800 euro
Scenario                     950 euro
Stage Director                     12000 euro
Montage                     10000 euro
Actors                     2000 euro
Equipment                     9000 euro
Advertisment                     500 euro
Musician                     1300 euro
------------------------------------------------
Всего:                              36550
Кол-во:                             2
------------------------------------------------
Общая сумма:                              73100

2018-07-16 08:59:36 [main] INFO  edu.epam.order.runner.Main - ************************************************
Заказ: 10000
Продюсер: Spielberg
Название: Pulp Fiction
Дата создания: 08:59:36.098
------------------------------------------------
Lease & tax                   800 euro
Scenario                     950 euro
------------------------------------------------
Всего:                              1750
Кол-во:                             2
------------------------------------------------
Общая сумма:                              3500

