2018-07-16 09:00:16 [main] INFO  edu.epam.order.runner.Main - ************************************************
Заказ: 10001
Продюсер: Peele
Название: Producer 10001
Дата создания: 09:00:16.005
------------------------------------------------
Lease & tax                   800 euro
------------------------------------------------
Всего:                              800
Кол-во:                             4
------------------------------------------------
Общая сумма:                              3200

2018-07-16 09:10:33 [main] INFO  edu.epam.order.runner.Main - ************************************************
Заказ: 10000
Продюсер: Spielberg
Название: Pulp Fiction
Дата создания: 09:10:33.198
------------------------------------------------
Lease & tax                   800 euro
Scenario                     950 euro
------------------------------------------------
Всего:                              1750
Кол-во:                             2
------------------------------------------------
Общая сумма:                              3500

