2018-07-16 09:10:33 [main] INFO  edu.epam.order.runner.Main - ************************************************
Заказ: 10002
Продюсер: Spielberg
Название: Jaws
Дата создания: 09:10:33.203
------------------------------------------------
Lease & tax                   800 euro
Advertisment                     500 euro
Actors                     2000 euro
Montage                     10000 euro
------------------------------------------------
Всего:                              13300
Кол-во:                             3
------------------------------------------------
Общая сумма:                              39900

2018-07-16 11:31:55 [main] INFO  edu.epam.order.action.Producer -  was added
2018-07-16 11:31:55 [main] INFO  edu.epam.order.runner.Main - ************************************************
Заказ: 10000
Продюсер: Spielberg
Название: Pulp Fiction
Дата создания: 11:31:55.528
------------------------------------------------
Lease & tax                   800 euro
Scenario                     950 euro
Scenario                     950 euro
Scenario                     950 euro
Scenario                     950 euro
Scenario                     950 euro
Scenario                     950 euro
Scenario                     950 euro
------------------------------------------------
Всего:                              7450
Кол-во:                             2
------------------------------------------------
Общая сумма:                              14900

