2018-07-16 08:59:59 [main] INFO  edu.epam.order.runner.Main - ************************************************
Заказ: 10000
Продюсер: Spielberg
Название: Pulp Fiction
Дата создания: 08:59:59.464
------------------------------------------------
Lease & tax                   800 euro
Scenario                     950 euro
------------------------------------------------
Всего:                              1750
Кол-во:                             2
------------------------------------------------
Общая сумма:                              3500

2018-07-16 09:00:16 [main] INFO  edu.epam.order.runner.Main - ************************************************
Заказ: 10000
Продюсер: Spielberg
Название: Pulp Fiction
Дата создания: 09:00:16.002
------------------------------------------------
Lease & tax                   800 euro
Scenario                     950 euro
------------------------------------------------
Всего:                              1750
Кол-во:                             2
------------------------------------------------
Общая сумма:                              3500

