2018-07-13 22:31:10 [main] INFO  edu.epam.order.runner.Main - ************************************************
Заказ: 10000
Продюсер: Spielberg
Название: Pulp Fiction
Дата создания: 22:31:10.198
------------------------------------------------
Lease & tax:                    800 euro
Scenario:                     950.0
------------------------------------------------
Всего:                              1750
Кол-во:                             1
------------------------------------------------
Общая сумма:                              1750

2018-07-13 22:32:50 [main] INFO  edu.epam.order.runner.Main - ************************************************
Заказ: 10000
Продюсер: Spielberg
Название: Pulp Fiction
Дата создания: 22:32:50.271
------------------------------------------------
Lease & tax                   800 euro
Scenario                     950.0euro
------------------------------------------------
Всего:                              1750
Кол-во:                             2
------------------------------------------------
Общая сумма:                              3500

