2018-07-13 22:36:18 [main] INFO  edu.epam.order.runner.Main - ************************************************
Заказ: 10000
Продюсер: Spielberg
Название: Pulp Fiction
Дата создания: 22:36:18.785
------------------------------------------------
Lease & tax                   800 euro
Scenario                     950.0euro
Stage Director                     12000.0euro
Montage                     10000.0euro
------------------------------------------------
Всего:                              23750
Кол-во:                             2
------------------------------------------------
Общая сумма:                              47500

2018-07-13 22:48:34 [main] INFO  edu.epam.order.runner.Main - ************************************************
Заказ: 10000
Продюсер: Spielberg
Название: Pulp Fiction
Дата создания: 22:48:34.651
------------------------------------------------
Lease & tax                   800 euro
Scenario                     950euro
Stage Director                     12000euro
Montage                     10000euro
Actors                     2000euro
Equipment                     9000euro
Advertisment                     500euro
Musician                     1300euro
------------------------------------------------
Всего:                              36550
Кол-во:                             2
------------------------------------------------
Общая сумма:                              73100

