2018-07-10 23:29:45 [main] INFO  BaseMain - Hello, World
2018-07-13 21:34:19 [main] INFO  edu.epam.order.runner.Main - ************************************************
Заказ: 10000Продюсер: SpielbergНазвание: Pulp FictionДата создания: 21:34:19.727------------------------------------------------
2018-07-13 21:35:09 [main] INFO  edu.epam.order.runner.Main - ************************************************
Заказ: 10000
Продюсер: Spielberg
Название: Pulp Fiction
Дата создания: 21:35:09.838
------------------------------------------------

2018-07-13 22:27:53 [main] INFO  edu.epam.order.runner.Main - ************************************************
Заказ: 10000
Продюсер: Spielberg
Название: Pulp Fiction
Дата создания: 22:27:53.862
------------------------------------------------
Lease & tax:                    800euro
------------------------------------------------
Всего:                              800
Кол-во:                             1
------------------------------------------------
Общая сумма:                              800

